[20:11:55] [Client thread/INFO]: Setting user: susuwatarin
[20:11:57] [Client thread/INFO]: LWJGL Version: 2.9.2
[20:11:58] [Client thread/INFO]: Reloading ResourceManager: Default
[20:11:58] [Sound Library Loader/INFO]: Starting up SoundSystem...
[20:11:58] [Thread-4/INFO]: Initializing LWJGL OpenAL
[20:11:58] [Thread-4/INFO]: (The LWJGL binding of OpenAL.  For more information, see http://www.lwjgl.org)
[20:11:58] [Thread-4/INFO]: OpenAL initialized.
[20:11:59] [Sound Library Loader/INFO]: Sound engine started
[20:12:00] [Client thread/INFO]: Created: 1024x512 textures-atlas
[20:17:02] [Client thread/INFO]: Reloading ResourceManager: Default
[20:17:02] [Client thread/INFO]: SoundSystem shutting down...
[20:17:03] [Client thread/WARN]: Author: Paul Lamb, www.paulscode.com
[20:17:03] [Sound Library Loader/INFO]: Starting up SoundSystem...
[20:17:03] [Thread-6/INFO]: Initializing LWJGL OpenAL
[20:17:03] [Thread-6/INFO]: (The LWJGL binding of OpenAL.  For more information, see http://www.lwjgl.org)
[20:17:03] [Thread-6/INFO]: OpenAL initialized.
[20:17:03] [Sound Library Loader/INFO]: Sound engine started
[20:17:04] [Client thread/INFO]: Created: 1024x512 textures-atlas
[20:17:04] [Client thread/INFO]: Reloading ResourceManager: Default
[20:17:05] [Client thread/INFO]: SoundSystem shutting down...
[20:17:05] [Client thread/WARN]: Author: Paul Lamb, www.paulscode.com
[20:17:05] [Sound Library Loader/INFO]: Starting up SoundSystem...
[20:17:05] [Thread-8/INFO]: Initializing LWJGL OpenAL
[20:17:05] [Thread-8/INFO]: (The LWJGL binding of OpenAL.  For more information, see http://www.lwjgl.org)
[20:17:05] [Thread-8/INFO]: OpenAL initialized.
[20:17:06] [Sound Library Loader/INFO]: Sound engine started
[20:17:06] [Client thread/INFO]: Created: 1024x512 textures-atlas
[20:17:06] [Client thread/INFO]: Reloading ResourceManager: Default
[20:17:07] [Client thread/INFO]: SoundSystem shutting down...
[20:17:07] [Client thread/WARN]: Author: Paul Lamb, www.paulscode.com
[20:17:07] [Sound Library Loader/INFO]: Starting up SoundSystem...
[20:17:07] [Thread-10/INFO]: Initializing LWJGL OpenAL
[20:17:07] [Thread-10/INFO]: (The LWJGL binding of OpenAL.  For more information, see http://www.lwjgl.org)
[20:17:07] [Thread-10/INFO]: OpenAL initialized.
[20:17:08] [Sound Library Loader/INFO]: Sound engine started
[20:17:08] [Client thread/INFO]: Created: 1024x512 textures-atlas
[20:17:08] [Client thread/INFO]: Reloading ResourceManager: Default
[20:17:09] [Client thread/INFO]: SoundSystem shutting down...
[20:17:09] [Client thread/WARN]: Author: Paul Lamb, www.paulscode.com
[20:17:09] [Sound Library Loader/INFO]: Starting up SoundSystem...
[20:17:09] [Thread-12/INFO]: Initializing LWJGL OpenAL
[20:17:09] [Thread-12/INFO]: (The LWJGL binding of OpenAL.  For more information, see http://www.lwjgl.org)
[20:17:09] [Thread-12/INFO]: OpenAL initialized.
[20:17:10] [Sound Library Loader/INFO]: Sound engine started
[20:17:10] [Client thread/INFO]: Created: 1024x512 textures-atlas
[20:17:16] [Client thread/INFO]: Stopping!
[20:17:16] [Client thread/INFO]: SoundSystem shutting down...
[20:17:16] [Client thread/WARN]: Author: Paul Lamb, www.paulscode.com
