[21:07:24] [Client thread/INFO]: Setting user: susuwatarin
[21:07:28] [Client thread/INFO]: LWJGL Version: 2.9.2
[21:07:32] [Client thread/INFO]: Reloading ResourceManager: Default, FMLFileResourcePack:Forge Mod Loader, FMLFileResourcePack:Minecraft Forge
[21:07:33] [Sound Library Loader/INFO]: Starting up SoundSystem...
[21:07:33] [Thread-7/INFO]: Initializing LWJGL OpenAL
[21:07:33] [Thread-7/INFO]: (The LWJGL binding of OpenAL.  For more information, see http://www.lwjgl.org)
[21:07:33] [Thread-7/INFO]: OpenAL initialized.
[21:07:33] [Sound Library Loader/INFO]: Sound engine started
[21:07:36] [Client thread/INFO]: Created: 16x16 textures-atlas
[21:07:38] [Client thread/INFO]: Reloading ResourceManager: Default, FMLFileResourcePack:Forge Mod Loader, FMLFileResourcePack:Minecraft Forge
[21:07:38] [Client thread/INFO]: SoundSystem shutting down...
[21:07:38] [Client thread/WARN]: Author: Paul Lamb, www.paulscode.com
[21:07:38] [Sound Library Loader/INFO]: Starting up SoundSystem...
[21:07:38] [Thread-9/INFO]: Initializing LWJGL OpenAL
[21:07:38] [Thread-9/INFO]: (The LWJGL binding of OpenAL.  For more information, see http://www.lwjgl.org)
[21:07:38] [Thread-9/INFO]: OpenAL initialized.
[21:07:39] [Sound Library Loader/INFO]: Sound engine started
[21:07:41] [Client thread/INFO]: Created: 512x512 textures-atlas
[21:07:45] [Client thread/INFO]: Stopping!
[21:07:45] [Client thread/INFO]: SoundSystem shutting down...
[21:07:45] [Client thread/WARN]: Author: Paul Lamb, www.paulscode.com
