[21:14:56] [Client thread/INFO]: Setting user: susuwatarin
[21:15:02] [Client thread/INFO]: LWJGL Version: 2.9.2
[21:15:06] [Client thread/INFO]: Reloading ResourceManager: Default, FMLFileResourcePack:Forge Mod Loader, FMLFileResourcePack:Minecraft Forge
[21:15:07] [Sound Library Loader/INFO]: Starting up SoundSystem...
[21:15:08] [Thread-5/INFO]: Initializing LWJGL OpenAL
[21:15:08] [Thread-5/INFO]: (The LWJGL binding of OpenAL.  For more information, see http://www.lwjgl.org)
[21:15:08] [Thread-5/INFO]: OpenAL initialized.
[21:15:08] [Sound Library Loader/INFO]: Sound engine started
[21:15:10] [Client thread/INFO]: Created: 16x16 textures-atlas
[21:15:14] [Client thread/INFO]: Reloading ResourceManager: Default, FMLFileResourcePack:Forge Mod Loader, FMLFileResourcePack:Minecraft Forge
[21:15:14] [Client thread/INFO]: SoundSystem shutting down...
[21:15:14] [Client thread/WARN]: Author: Paul Lamb, www.paulscode.com
[21:15:14] [Sound Library Loader/INFO]: Starting up SoundSystem...
[21:15:14] [Thread-7/INFO]: Initializing LWJGL OpenAL
[21:15:14] [Thread-7/INFO]: (The LWJGL binding of OpenAL.  For more information, see http://www.lwjgl.org)
[21:15:14] [Thread-7/INFO]: OpenAL initialized.
[21:15:15] [Sound Library Loader/INFO]: Sound engine started
[21:15:16] [Client thread/INFO]: Created: 1024x512 textures-atlas
[21:15:55] [Client thread/INFO]: Stopping!
[21:15:55] [Client thread/INFO]: SoundSystem shutting down...
[21:15:55] [Client thread/WARN]: Author: Paul Lamb, www.paulscode.com
