[20:37:59] [Client thread/INFO]: Setting user: susuwatarin
[20:38:01] [Client thread/INFO]: LWJGL Version: 2.9.2
[20:38:01] [Client thread/INFO]: Reloading ResourceManager: Default
[20:38:02] [Sound Library Loader/INFO]: Starting up SoundSystem...
[20:38:02] [Thread-4/INFO]: Initializing LWJGL OpenAL
[20:38:02] [Thread-4/INFO]: (The LWJGL binding of OpenAL.  For more information, see http://www.lwjgl.org)
[20:38:02] [Thread-4/INFO]: OpenAL initialized.
[20:38:02] [Sound Library Loader/INFO]: Sound engine started
[20:38:04] [Client thread/INFO]: Created: 1024x512 textures-atlas
[20:38:16] [Client thread/INFO]: Reloading ResourceManager: Default
[20:38:17] [Client thread/INFO]: SoundSystem shutting down...
[20:38:17] [Client thread/WARN]: Author: Paul Lamb, www.paulscode.com
[20:38:17] [Sound Library Loader/INFO]: Starting up SoundSystem...
[20:38:17] [Thread-6/INFO]: Initializing LWJGL OpenAL
[20:38:17] [Thread-6/INFO]: (The LWJGL binding of OpenAL.  For more information, see http://www.lwjgl.org)
[20:38:17] [Thread-6/INFO]: OpenAL initialized.
[20:38:17] [Sound Library Loader/INFO]: Sound engine started
[20:38:18] [Client thread/INFO]: Created: 1024x512 textures-atlas
[20:38:19] [Client thread/INFO]: Reloading ResourceManager: Default
[20:38:19] [Client thread/INFO]: SoundSystem shutting down...
[20:38:20] [Client thread/WARN]: Author: Paul Lamb, www.paulscode.com
[20:38:20] [Sound Library Loader/INFO]: Starting up SoundSystem...
[20:38:20] [Thread-8/INFO]: Initializing LWJGL OpenAL
[20:38:20] [Thread-8/INFO]: (The LWJGL binding of OpenAL.  For more information, see http://www.lwjgl.org)
[20:38:20] [Thread-8/INFO]: OpenAL initialized.
[20:38:20] [Sound Library Loader/INFO]: Sound engine started
[20:38:20] [Client thread/INFO]: Created: 1024x512 textures-atlas
[20:38:24] [Client thread/INFO]: Stopping!
[20:38:24] [Client thread/INFO]: SoundSystem shutting down...
[20:38:24] [Client thread/WARN]: Author: Paul Lamb, www.paulscode.com
