[21:30:44] [Client thread/INFO]: Setting user: susuwatarin
[21:30:51] [Client thread/INFO]: LWJGL Version: 2.9.2
[21:30:54] [Client thread/INFO]: Reloading ResourceManager: Default, FMLFileResourcePack:Forge Mod Loader, FMLFileResourcePack:Minecraft Forge
[21:30:55] [Sound Library Loader/INFO]: Starting up SoundSystem...
[21:30:56] [Thread-7/INFO]: Initializing LWJGL OpenAL
[21:30:56] [Thread-7/INFO]: (The LWJGL binding of OpenAL.  For more information, see http://www.lwjgl.org)
[21:30:56] [Thread-7/INFO]: OpenAL initialized.
[21:30:56] [Sound Library Loader/INFO]: Sound engine started
[21:30:59] [Client thread/INFO]: Created: 16x16 textures-atlas
[21:31:01] [Client thread/INFO]: Reloading ResourceManager: Default, FMLFileResourcePack:Forge Mod Loader, FMLFileResourcePack:Minecraft Forge
[21:31:02] [Client thread/INFO]: SoundSystem shutting down...
[21:31:02] [Client thread/WARN]: Author: Paul Lamb, www.paulscode.com
[21:31:02] [Sound Library Loader/INFO]: Starting up SoundSystem...
[21:31:02] [Thread-9/INFO]: Initializing LWJGL OpenAL
[21:31:02] [Thread-9/INFO]: (The LWJGL binding of OpenAL.  For more information, see http://www.lwjgl.org)
[21:31:02] [Thread-9/INFO]: OpenAL initialized.
[21:31:03] [Sound Library Loader/INFO]: Sound engine started
[21:31:05] [Client thread/INFO]: Created: 1024x512 textures-atlas
[21:31:21] [Client thread/INFO]: Stopping!
[21:31:21] [Client thread/INFO]: SoundSystem shutting down...
[21:31:22] [Client thread/WARN]: Author: Paul Lamb, www.paulscode.com
